2023-08-11 19:53:50.340 [info] Reading sessions from keychain...
2023-08-11 19:53:50.340 [info] Getting sessions for all scopes...
2023-08-11 19:53:50.340 [info] Got 0 sessions for ...
2023-08-11 19:53:50.340 [info] Getting sessions for user:email...
2023-08-11 19:53:50.340 [info] Got 0 sessions for user:email...
2023-08-11 19:53:50.340 [info] Getting sessions for all scopes...
2023-08-11 19:53:50.340 [info] Got 0 sessions for ...
2023-08-11 19:53:50.340 [info] Getting sessions for read:user,repo,user:email,workflow...
2023-08-11 19:53:50.340 [info] Got 0 sessions for read:user,repo,user:email,workflow...
2023-08-11 19:53:50.382 [info] Getting sessions for all scopes...
2023-08-11 19:53:50.382 [info] Got 0 sessions for ...
2023-08-11 19:53:52.029 [info] Getting sessions for all scopes...
2023-08-11 19:53:52.029 [info] Got 0 sessions for ...
2023-08-11 19:54:23.960 [info] Reading sessions from keychain...
2023-08-11 19:54:23.960 [info] Getting sessions for all scopes...
2023-08-11 19:54:23.960 [info] Getting sessions for user:email...
2023-08-11 19:54:23.960 [info] Got 0 sessions for ...
2023-08-11 19:54:23.960 [info] Got 0 sessions for user:email...
2023-08-11 19:54:23.960 [info] Getting sessions for all scopes...
2023-08-11 19:54:23.960 [info] Got 0 sessions for ...
2023-08-11 19:54:23.960 [info] Getting sessions for read:user,repo,user:email,workflow...
2023-08-11 19:54:23.960 [info] Got 0 sessions for read:user,repo,user:email,workflow...
2023-08-11 19:54:24.061 [info] Getting sessions for all scopes...
2023-08-11 19:54:24.061 [info] Got 0 sessions for ...
2023-08-11 19:54:24.743 [info] Getting sessions for all scopes...
2023-08-11 19:54:24.743 [info] Got 0 sessions for ...
2023-08-11 19:56:00.033 [info] Reading sessions from keychain...
2023-08-11 19:56:00.033 [info] Getting sessions for all scopes...
2023-08-11 19:56:00.033 [info] Got 0 sessions for ...
2023-08-11 19:56:00.033 [info] Getting sessions for user:email...
2023-08-11 19:56:00.033 [info] Got 0 sessions for user:email...
2023-08-11 19:56:00.033 [info] Getting sessions for all scopes...
2023-08-11 19:56:00.033 [info] Got 0 sessions for ...
2023-08-11 19:56:00.089 [info] Getting sessions for all scopes...
2023-08-11 19:56:00.089 [info] Got 0 sessions for ...
2023-08-11 19:56:00.715 [info] Getting sessions for all scopes...
2023-08-11 19:56:00.715 [info] Got 0 sessions for ...
