2023-08-01 15:33:38.591 [info] Log level: Info
2023-08-01 15:33:38.591 [info] Validating found git in: "git"
2023-08-01 15:33:38.591 [info] Using git "2.41.0" from "git"
2023-08-01 15:33:46.752 [info] Log level: Info
2023-08-01 15:33:46.752 [info] Validating found git in: "git"
2023-08-01 15:33:46.752 [info] Using git "2.41.0" from "git"
2023-08-01 15:33:46.752 [info] > git rev-parse --show-toplevel [3ms]
2023-08-01 15:33:46.752 [info] fatal: not a git repository (or any parent up to mount point /)
Stopping at filesystem boundary (GIT_DISCOVERY_ACROSS_FILESYSTEM not set).
2023-08-01 15:33:46.752 [info] > git rev-parse --show-toplevel [3ms]
2023-08-01 15:33:46.752 [info] fatal: not a git repository (or any parent up to mount point /)
Stopping at filesystem boundary (GIT_DISCOVERY_ACROSS_FILESYSTEM not set).
2023-08-01 15:33:46.753 [info] > git rev-parse --show-toplevel [35ms]
2023-08-01 15:33:46.753 [info] fatal: not a git repository (or any parent up to mount point /)
Stopping at filesystem boundary (GIT_DISCOVERY_ACROSS_FILESYSTEM not set).
2023-08-01 15:33:47.450 [info] > git rev-parse --show-toplevel [1ms]
2023-08-01 15:33:47.450 [info] fatal: not a git repository (or any parent up to mount point /)
Stopping at filesystem boundary (GIT_DISCOVERY_ACROSS_FILESYSTEM not set).
2023-08-01 15:40:50.778 [info] > git rev-parse --show-toplevel [1ms]
2023-08-01 15:40:50.778 [info] fatal: not a git repository (or any parent up to mount point /)
Stopping at filesystem boundary (GIT_DISCOVERY_ACROSS_FILESYSTEM not set).
2023-08-01 15:40:50.785 [info] > git rev-parse --show-toplevel [4ms]
2023-08-01 15:40:50.785 [info] fatal: not a git repository (or any parent up to mount point /)
Stopping at filesystem boundary (GIT_DISCOVERY_ACROSS_FILESYSTEM not set).
2023-08-01 15:40:52.560 [info] > git rev-parse --show-toplevel [3ms]
2023-08-01 15:40:52.560 [info] fatal: not a git repository (or any parent up to mount point /)
Stopping at filesystem boundary (GIT_DISCOVERY_ACROSS_FILESYSTEM not set).
2023-08-01 15:40:52.565 [info] > git rev-parse --show-toplevel [1ms]
2023-08-01 15:40:52.565 [info] fatal: not a git repository (or any parent up to mount point /)
Stopping at filesystem boundary (GIT_DISCOVERY_ACROSS_FILESYSTEM not set).
2023-08-01 15:40:52.569 [info] > git rev-parse --show-toplevel [1ms]
2023-08-01 15:40:52.569 [info] fatal: not a git repository (or any parent up to mount point /)
Stopping at filesystem boundary (GIT_DISCOVERY_ACROSS_FILESYSTEM not set).
2023-08-01 15:40:54.274 [info] > git rev-parse --show-toplevel [8ms]
2023-08-01 15:40:54.274 [info] fatal: not a git repository (or any parent up to mount point /)
Stopping at filesystem boundary (GIT_DISCOVERY_ACROSS_FILESYSTEM not set).
2023-08-01 15:40:54.279 [info] > git rev-parse --show-toplevel [1ms]
2023-08-01 15:40:54.279 [info] fatal: not a git repository (or any parent up to mount point /)
Stopping at filesystem boundary (GIT_DISCOVERY_ACROSS_FILESYSTEM not set).
2023-08-01 15:40:55.261 [info] > git rev-parse --show-toplevel [1ms]
2023-08-01 15:40:55.261 [info] fatal: not a git repository (or any parent up to mount point /)
Stopping at filesystem boundary (GIT_DISCOVERY_ACROSS_FILESYSTEM not set).
2023-08-01 15:49:59.842 [info] > git rev-parse --show-toplevel [0ms]
2023-08-01 15:49:59.842 [info] fatal: not a git repository (or any parent up to mount point /)
Stopping at filesystem boundary (GIT_DISCOVERY_ACROSS_FILESYSTEM not set).
