2023-08-11 19:53:49.889 [info] Log level: Info
2023-08-11 19:53:49.889 [info] Validating found git in: "git"
2023-08-11 19:53:49.889 [info] Using git "2.41.0" from "git"
2023-08-11 19:53:49.889 [info] > git rev-parse --show-toplevel [1ms]
2023-08-11 19:53:49.893 [info] > git rev-parse --git-dir --git-common-dir [1ms]
2023-08-11 19:53:49.897 [info] Open repository: /home/gustavo/projetos/javascript
2023-08-11 19:53:49.907 [info] > git config --get commit.template [5ms]
2023-08-11 19:53:49.908 [info] > git for-each-ref --format=%(refname)%00%(upstream:short)%00%(objectname)%00%(upstream:track)%00%(upstream:remotename)%00%(upstream:remoteref) refs/heads/main refs/remotes/main [2ms]
2023-08-11 19:53:49.913 [info] > git status -z -uall [1ms]
2023-08-11 19:53:49.923 [info] > git config --get commit.template [4ms]
2023-08-11 19:53:49.924 [info] > git for-each-ref --format=%(refname)%00%(upstream:short)%00%(objectname)%00%(upstream:track)%00%(upstream:remotename)%00%(upstream:remoteref) refs/heads/main refs/remotes/main [1ms]
2023-08-11 19:53:49.931 [info] > git status -z -uall [4ms]
2023-08-11 19:53:50.592 [info] > git check-ignore -v -z --stdin [0ms]
2023-08-11 19:54:23.627 [info] Log level: Info
2023-08-11 19:54:23.627 [info] Validating found git in: "git"
2023-08-11 19:54:23.627 [info] Using git "2.41.0" from "git"
2023-08-11 19:54:23.627 [info] > git rev-parse --show-toplevel [3ms]
2023-08-11 19:54:23.627 [info] > git rev-parse --git-dir --git-common-dir [1ms]
2023-08-11 19:54:23.627 [info] Open repository: /home/gustavo/projetos/javascript
2023-08-11 19:54:23.627 [info] > git config --get commit.template [5ms]
2023-08-11 19:54:23.627 [info] > git for-each-ref --format=%(refname)%00%(upstream:short)%00%(objectname)%00%(upstream:track)%00%(upstream:remotename)%00%(upstream:remoteref) refs/heads/main refs/remotes/main [1ms]
2023-08-11 19:54:23.627 [info] > git status -z -uall [7ms]
2023-08-11 19:54:23.627 [info] > git config --get commit.template [2ms]
2023-08-11 19:54:23.640 [info] > git for-each-ref --format=%(refname)%00%(upstream:short)%00%(objectname)%00%(upstream:track)%00%(upstream:remotename)%00%(upstream:remoteref) refs/heads/main refs/remotes/main [9ms]
2023-08-11 19:54:23.737 [info] > git status -z -uall [91ms]
2023-08-11 19:55:42.190 [info] > git check-ignore -v -z --stdin [1ms]
2023-08-11 19:55:45.294 [info] > git show --textconv :index.js [6ms]
2023-08-11 19:55:45.295 [info] > git ls-files --stage -- /home/gustavo/projetos/javascript/index.js [2ms]
2023-08-11 19:55:59.771 [info] Log level: Info
2023-08-11 19:55:59.771 [info] Validating found git in: "git"
2023-08-11 19:55:59.771 [info] Using git "2.41.0" from "git"
2023-08-11 19:55:59.771 [info] > git rev-parse --show-toplevel [6ms]
2023-08-11 19:55:59.771 [info] fatal: not a git repository (or any parent up to mount point /)
Stopping at filesystem boundary (GIT_DISCOVERY_ACROSS_FILESYSTEM not set).
2023-08-11 19:55:59.772 [info] > git rev-parse --show-toplevel [89ms]
2023-08-11 19:55:59.772 [info] fatal: not a git repository (or any parent up to mount point /)
Stopping at filesystem boundary (GIT_DISCOVERY_ACROSS_FILESYSTEM not set).
2023-08-11 19:55:59.833 [info] > git rev-parse --show-toplevel [50ms]
2023-08-11 19:55:59.833 [info] fatal: not a git repository (or any parent up to mount point /)
Stopping at filesystem boundary (GIT_DISCOVERY_ACROSS_FILESYSTEM not set).
2023-08-11 19:55:59.911 [info] > git rev-parse --show-toplevel [46ms]
2023-08-11 19:55:59.911 [info] fatal: not a git repository (or any parent up to mount point /)
Stopping at filesystem boundary (GIT_DISCOVERY_ACROSS_FILESYSTEM not set).
2023-08-11 19:56:00.034 [info] > git rev-parse --show-toplevel [9ms]
2023-08-11 19:56:00.034 [info] fatal: not a git repository (or any parent up to mount point /)
Stopping at filesystem boundary (GIT_DISCOVERY_ACROSS_FILESYSTEM not set).
2023-08-11 20:01:10.250 [info] > git rev-parse --show-toplevel [1ms]
2023-08-11 20:01:10.257 [info] > git rev-parse --git-dir --git-common-dir [1ms]
2023-08-11 20:01:10.261 [info] Open repository: /home/gustavo/projetos/rust
2023-08-11 20:01:10.269 [info] > git config --get commit.template [2ms]
2023-08-11 20:01:10.275 [info] No remotes found in the git config file.
2023-08-11 20:01:10.275 [info] > git for-each-ref --format=%(refname)%00%(upstream:short)%00%(objectname)%00%(upstream:track)%00%(upstream:remotename)%00%(upstream:remoteref) refs/heads/master refs/remotes/master [1ms]
2023-08-11 20:01:10.281 [info] > git status -z -uall [1ms]
2023-08-11 20:01:10.293 [info] > git config --get commit.template [3ms]
2023-08-11 20:01:10.300 [info] No remotes found in the git config file.
2023-08-11 20:01:10.301 [info] > git for-each-ref --format=%(refname)%00%(upstream:short)%00%(objectname)%00%(upstream:track)%00%(upstream:remotename)%00%(upstream:remoteref) refs/heads/master refs/remotes/master [0ms]
2023-08-11 20:01:10.305 [info] > git status -z -uall [0ms]
2023-08-11 20:01:10.775 [info] > git check-ignore -v -z --stdin [0ms]
2023-08-11 20:01:14.225 [info] > git check-ignore -v -z --stdin [1ms]
2023-08-11 20:01:14.754 [info] > git show --textconv :src/main.rs [6ms]
2023-08-11 20:01:14.755 [info] > git ls-files --stage -- /home/gustavo/projetos/rust/src/main.rs [1ms]
2023-08-11 20:01:15.948 [info] > git config --get commit.template [6ms]
2023-08-11 20:01:15.954 [info] No remotes found in the git config file.
2023-08-11 20:01:15.954 [info] > git check-ignore -v -z --stdin [6ms]
2023-08-11 20:01:15.955 [info] > git for-each-ref --format=%(refname)%00%(upstream:short)%00%(objectname)%00%(upstream:track)%00%(upstream:remotename)%00%(upstream:remoteref) refs/heads/master refs/remotes/master [2ms]
2023-08-11 20:01:15.961 [info] > git status -z -uall [1ms]
2023-08-11 20:01:17.405 [info] > git check-ignore -v -z --stdin [1ms]
2023-08-11 20:01:20.975 [info] No remotes found in the git config file.
2023-08-11 20:01:20.975 [info] > git config --get commit.template [5ms]
2023-08-11 20:01:20.976 [info] > git for-each-ref --format=%(refname)%00%(upstream:short)%00%(objectname)%00%(upstream:track)%00%(upstream:remotename)%00%(upstream:remoteref) refs/heads/master refs/remotes/master [1ms]
2023-08-11 20:01:20.981 [info] > git status -z -uall [1ms]
2023-08-11 20:01:40.342 [info] > git show --textconv :src/main.rs [5ms]
2023-08-11 20:01:40.343 [info] > git ls-files --stage -- /home/gustavo/projetos/rust/src/main.rs [1ms]
2023-08-11 20:01:52.798 [info] No remotes found in the git config file.
2023-08-11 20:01:52.799 [info] > git config --get commit.template [6ms]
2023-08-11 20:01:52.799 [info] > git for-each-ref --format=%(refname)%00%(upstream:short)%00%(objectname)%00%(upstream:track)%00%(upstream:remotename)%00%(upstream:remoteref) refs/heads/master refs/remotes/master [1ms]
2023-08-11 20:01:52.804 [info] > git status -z -uall [1ms]
2023-08-11 20:01:57.818 [info] No remotes found in the git config file.
2023-08-11 20:01:57.818 [info] > git config --get commit.template [6ms]
2023-08-11 20:01:57.818 [info] > git for-each-ref --format=%(refname)%00%(upstream:short)%00%(objectname)%00%(upstream:track)%00%(upstream:remotename)%00%(upstream:remoteref) refs/heads/master refs/remotes/master [1ms]
2023-08-11 20:01:57.824 [info] > git status -z -uall [1ms]
2023-08-11 20:02:00.057 [info] > git check-ignore -v -z --stdin [1ms]
2023-08-11 20:02:01.916 [info] > git check-ignore -v -z --stdin [1ms]
2023-08-11 20:08:00.794 [info] No remotes found in the git config file.
2023-08-11 20:08:00.794 [info] > git config --get commit.template [5ms]
2023-08-11 20:08:00.795 [info] > git for-each-ref --format=%(refname)%00%(upstream:short)%00%(objectname)%00%(upstream:track)%00%(upstream:remotename)%00%(upstream:remoteref) refs/heads/master refs/remotes/master [1ms]
2023-08-11 20:08:00.800 [info] > git status -z -uall [1ms]
2023-08-11 20:08:05.814 [info] No remotes found in the git config file.
2023-08-11 20:08:05.814 [info] > git config --get commit.template [6ms]
2023-08-11 20:08:05.815 [info] > git for-each-ref --format=%(refname)%00%(upstream:short)%00%(objectname)%00%(upstream:track)%00%(upstream:remotename)%00%(upstream:remoteref) refs/heads/master refs/remotes/master [1ms]
2023-08-11 20:08:05.821 [info] > git status -z -uall [1ms]
2023-08-11 20:08:15.894 [info] No remotes found in the git config file.
2023-08-11 20:08:15.895 [info] > git config --get commit.template [7ms]
2023-08-11 20:08:15.895 [info] > git for-each-ref --format=%(refname)%00%(upstream:short)%00%(objectname)%00%(upstream:track)%00%(upstream:remotename)%00%(upstream:remoteref) refs/heads/master refs/remotes/master [1ms]
2023-08-11 20:08:15.901 [info] > git status -z -uall [1ms]
