2023-08-10 20:13:36.304 [info] Reading sessions from keychain...
2023-08-10 20:13:36.304 [info] Getting sessions for all scopes...
2023-08-10 20:13:36.304 [info] Getting sessions for all scopes...
2023-08-10 20:13:36.304 [info] Got 0 sessions for ...
2023-08-10 20:13:36.304 [info] Got 0 sessions for ...
2023-08-10 20:13:36.304 [info] Getting sessions for user:email...
2023-08-10 20:13:36.304 [info] Got 0 sessions for user:email...
2023-08-10 20:13:36.389 [info] Getting sessions for all scopes...
2023-08-10 20:13:36.389 [info] Got 0 sessions for ...
2023-08-10 20:13:46.651 [info] Reading sessions from keychain...
2023-08-10 20:13:46.651 [info] Getting sessions for all scopes...
2023-08-10 20:13:46.651 [info] Getting sessions for user:email...
2023-08-10 20:13:46.651 [info] Got 0 sessions for ...
2023-08-10 20:13:46.651 [info] Got 0 sessions for user:email...
2023-08-10 20:13:46.651 [info] Getting sessions for all scopes...
2023-08-10 20:13:46.651 [info] Got 0 sessions for ...
2023-08-10 20:13:46.907 [info] Getting sessions for read:user,repo,user:email,workflow...
2023-08-10 20:13:46.907 [info] Got 0 sessions for read:user,repo,user:email,workflow...
2023-08-10 20:13:46.907 [info] Getting sessions for all scopes...
2023-08-10 20:13:46.907 [info] Got 0 sessions for ...
2023-08-10 20:40:11.349 [info] Getting sessions for all scopes...
2023-08-10 20:40:11.349 [info] Got 0 sessions for ...
