2023-08-01 15:33:38.496 [info] Extension host with pid 19747 started
2023-08-01 15:33:38.513 [info] ExtensionService#_doActivateExtension vscode.github-authentication, startup: false, activationEvent: 'onAuthenticationRequest:github'
2023-08-01 15:33:38.529 [info] ExtensionService#_doActivateExtension vscode.git-base, startup: true, activationEvent: '*', root cause: vscode.git
2023-08-01 15:33:38.531 [info] ExtensionService#_doActivateExtension vscode.microsoft-authentication, startup: false, activationEvent: 'onAuthenticationRequest:microsoft'
2023-08-01 15:33:38.540 [info] ExtensionService#_doActivateExtension vscode.git, startup: true, activationEvent: '*'
2023-08-01 15:33:38.559 [info] ExtensionService#_doActivateExtension vscode.github, startup: true, activationEvent: '*'
2023-08-01 15:33:38.586 [info] Eager extensions activated
2023-08-01 15:33:38.600 [info] ExtensionService#_doActivateExtension vscode.debug-auto-launch, startup: false, activationEvent: 'onStartupFinished'
2023-08-01 15:33:38.617 [info] ExtensionService#_doActivateExtension vscode.merge-conflict, startup: false, activationEvent: 'onStartupFinished'
2023-08-01 15:33:38.631 [info] ExtensionService#_doActivateExtension esbenp.prettier-vscode, startup: false, activationEvent: 'onStartupFinished'
2023-08-01 15:33:38.658 [info] ExtensionService#_doActivateExtension monokai.theme-monokai-pro-vscode, startup: false, activationEvent: 'onStartupFinished'
2023-08-01 15:33:38.661 [info] ExtensionService#_doActivateExtension zhuangtongfa.material-theme, startup: false, activationEvent: 'onStartupFinished'
2023-08-01 15:33:45.069 [info] Extension host terminating: renderer closed the MessagePort
2023-08-01 15:33:45.073 [info] Extension host with pid 19747 exiting with code 0
2023-08-01 15:33:45.651 [info] Extension host with pid 19865 started
2023-08-01 15:33:45.651 [info] Skipping acquiring lock for /home/gustavo/.config/Code/User/workspaceStorage/c339c7dd54df4c4138ef772730108b22.
2023-08-01 15:33:45.669 [info] ExtensionService#_doActivateExtension vscode.emmet, startup: false, activationEvent: 'onLanguage'
2023-08-01 15:33:45.676 [info] ExtensionService#_doActivateExtension ms-python.python, startup: false, activationEvent: 'onLanguage:python', root cause: ms-python.isort
2023-08-01 15:33:45.723 [info] ExtensionService#_doActivateExtension VisualStudioExptTeam.intellicode-api-usage-examples, startup: false, activationEvent: 'onLanguage:python'
2023-08-01 15:33:45.763 [info] ExtensionService#_doActivateExtension VisualStudioExptTeam.vscodeintellicode, startup: false, activationEvent: 'onLanguage:python'
2023-08-01 15:33:45.927 [info] ExtensionService#_doActivateExtension ms-python.isort, startup: false, activationEvent: 'onLanguage:python'
2023-08-01 15:33:45.942 [info] ExtensionService#_doActivateExtension ms-python.vscode-pylance, startup: false, activationEvent: 'onLanguage:python'
2023-08-01 15:33:46.093 [info] ExtensionService#_doActivateExtension vscode.github-authentication, startup: false, activationEvent: 'onAuthenticationRequest:github'
2023-08-01 15:33:46.166 [info] ExtensionService#_doActivateExtension vscode.microsoft-authentication, startup: false, activationEvent: 'onAuthenticationRequest:microsoft'
2023-08-01 15:33:46.667 [info] ExtensionService#_doActivateExtension vscode.git-base, startup: true, activationEvent: '*', root cause: vscode.git
2023-08-01 15:33:46.669 [info] ExtensionService#_doActivateExtension vscode.git, startup: true, activationEvent: '*'
2023-08-01 15:33:46.681 [info] ExtensionService#_doActivateExtension vscode.github, startup: true, activationEvent: '*'
2023-08-01 15:33:46.704 [info] Eager extensions activated
2023-08-01 15:33:46.718 [info] ExtensionService#_doActivateExtension vscode.debug-auto-launch, startup: false, activationEvent: 'onStartupFinished'
2023-08-01 15:33:46.719 [info] ExtensionService#_doActivateExtension vscode.merge-conflict, startup: false, activationEvent: 'onStartupFinished'
2023-08-01 15:33:46.722 [info] ExtensionService#_doActivateExtension esbenp.prettier-vscode, startup: false, activationEvent: 'onStartupFinished'
2023-08-01 15:33:46.744 [info] ExtensionService#_doActivateExtension monokai.theme-monokai-pro-vscode, startup: false, activationEvent: 'onStartupFinished'
2023-08-01 15:33:46.746 [info] ExtensionService#_doActivateExtension zhuangtongfa.material-theme, startup: false, activationEvent: 'onStartupFinished'
2023-08-01 15:35:31.738 [warning] VisualStudioExptTeam.intellicode-api-usage-examples - Code actions of kind 'quickfix 'requested but returned code action is of kind 'refactor'. Code action will be dropped. Please check 'CodeActionContext.only' to only return requested code actions.
2023-08-01 15:36:10.126 [info] ExtensionService#_doActivateExtension vscode.npm, startup: false, activationEvent: 'onTerminalQuickFixRequest:ms-vscode.npm-command'
2023-08-01 15:40:45.943 [warning] VisualStudioExptTeam.intellicode-api-usage-examples - Code actions of kind 'quickfix 'requested but returned code action is of kind 'refactor'. Code action will be dropped. Please check 'CodeActionContext.only' to only return requested code actions.
2023-08-01 15:49:59.843 [info] Extension host terminating: renderer closed the MessagePort
2023-08-01 15:49:59.861 [info] Extension host with pid 19865 exiting with code 0
