2023-08-09 19:50:45.181 [info] [Info  - 19:50:45] (31417) Pylance language server 2023.8.10 (pyright 932e542d) starting
2023-08-09 19:50:45.182 [info] [Info  - 19:50:45] (31417) Server root directory: /home/gustavo/.vscode/extensions/ms-python.vscode-pylance-2023.8.10/dist
2023-08-09 19:50:45.187 [info] [Info  - 19:50:45] (31417) Starting service instance "python"
2023-08-09 19:50:45.210 [info] [Info  - 19:50:45] (31417) Setting pythonPath for service "python": "/home/gustavo/projetos/python/env/bin/python"
2023-08-09 19:50:45.212 [info] [Warn  - 19:50:45] (31417) stubPath /home/gustavo/projetos/python/typings is not a valid directory.
2023-08-09 19:50:45.228 [info] [Info  - 19:50:45] (31417) Assuming Python version 3.11
2023-08-09 19:50:45.303 [info] [Info  - 19:50:45] (31417) Auto-excluding /home/gustavo/projetos/python/env
2023-08-09 19:50:45.305 [info] [Info  - 19:50:45] (31417) Found 1 source file
2023-08-09 19:50:45.656 [info] [Info  - 19:50:45] (31417) Background analysis(1) root directory: /home/gustavo/.vscode/extensions/ms-python.vscode-pylance-2023.8.10/dist
2023-08-09 19:50:45.656 [info] [Info  - 19:50:45] (31417) Background analysis(1) started
2023-08-09 19:50:45.656 [info] [Info  - 19:50:45] (31417) Indexer background runner(2) root directory: /home/gustavo/.vscode/extensions/ms-python.vscode-pylance-2023.8.10/dist (index)
2023-08-09 19:50:45.656 [info] [Info  - 19:50:45] (31417) Indexing(2) started
2023-08-09 19:50:45.943 [info] [Info  - 19:50:45] (31417) scanned(2) 14 files over 1 exec env
2023-08-09 19:50:46.154 [info] [Info  - 19:50:46] (31417) indexed(2) 4 files over 1 exec env
2023-08-09 19:50:46.177 [info] [Info  - 19:50:46] (31417) Indexing finished(2).
2023-08-09 19:52:57.446 [info] [Info  - 19:52:57] (31417) Indexer background runner(3) root directory: /home/gustavo/.vscode/extensions/ms-python.vscode-pylance-2023.8.10/dist (refresh)
2023-08-09 19:52:57.447 [info] [Info  - 19:52:57] (31417) Indexing(3) started
2023-08-09 19:52:57.647 [info] [Info  - 19:52:57] (31417) scanned(3) 14 files over 1 exec env
2023-08-09 19:52:57.763 [info] [Info  - 19:52:57] (31417) indexed(3) 4 files over 1 exec env
2023-08-09 19:52:57.764 [info] [Info  - 19:52:57] (31417) Indexing finished(3).
