2023-08-11 19:53:49.443 [info] Added views:workbench.panel.markers.view in workbench.panel.markers
2023-08-11 19:53:49.443 [info] Added views:workbench.panel.output in workbench.panel.output
2023-08-11 19:53:49.443 [info] Added views:terminal in terminal
2023-08-11 19:53:49.443 [info] Added views:outline in workbench.view.explorer
2023-08-11 19:53:49.443 [info] Added views:workbench.scm in workbench.view.scm
2023-08-11 19:53:49.443 [info] Added views:workbench.view.search in workbench.view.search
2023-08-11 19:53:49.443 [info] Added views:timeline in workbench.view.explorer
2023-08-11 19:53:49.443 [info] Added views:workbench.explorer.fileView in workbench.view.explorer
2023-08-11 19:53:49.668 [info] Added views:tabnine.empty in workbench.view.extension.tabnine-access
2023-08-11 19:53:49.668 [info] Added views:in-your-face.openview in workbench.view.extension.custom-activitybar
2023-08-11 19:53:49.759 [info] Added views:workbench.debug.welcome in workbench.view.debug
2023-08-11 19:53:49.807 [info] Added views:workbench.panel.repl.view in workbench.panel.repl
2023-08-11 19:53:50.108 [info] Added views:workbench.panel.comments in workbench.panel.comments
2023-08-11 19:54:21.536 [info] Added views:workbench.views.extensions.installed,workbench.views.extensions.popular,extensions.recommendedList in workbench.view.extensions
2023-08-11 19:54:21.538 [info] Removed views:workbench.views.extensions.popular from workbench.view.extensions
2023-08-11 19:54:23.164 [info] Added views:workbench.panel.markers.view in workbench.panel.markers
2023-08-11 19:54:23.165 [info] Added views:workbench.panel.output in workbench.panel.output
2023-08-11 19:54:23.165 [info] Added views:terminal in terminal
2023-08-11 19:54:23.165 [info] Added views:outline in workbench.view.explorer
2023-08-11 19:54:23.165 [info] Added views:workbench.scm in workbench.view.scm
2023-08-11 19:54:23.165 [info] Added views:workbench.view.search in workbench.view.search
2023-08-11 19:54:23.165 [info] Added views:timeline in workbench.view.explorer
2023-08-11 19:54:23.165 [info] Added views:workbench.explorer.fileView in workbench.view.explorer
2023-08-11 19:54:23.364 [info] Added views:tabnine.empty in workbench.view.extension.tabnine-access
2023-08-11 19:54:23.364 [info] Added views:in-your-face.openview in workbench.view.extension.custom-activitybar
2023-08-11 19:54:23.493 [info] Added views:workbench.debug.welcome in workbench.view.debug
2023-08-11 19:54:23.519 [info] Added views:workbench.panel.repl.view in workbench.panel.repl
2023-08-11 19:54:23.686 [info] Added views:workbench.views.extensions.installed,extensions.recommendedList in workbench.view.extensions
2023-08-11 19:54:23.766 [info] Added views:workbench.panel.comments in workbench.panel.comments
2023-08-11 19:54:25.435 [info] Removed views:extensions.recommendedList,workbench.views.extensions.installed from workbench.view.extensions
2023-08-11 19:54:25.444 [info] Added views:workbench.views.extensions.marketplace in workbench.view.extensions
2023-08-11 19:55:59.274 [info] Added views:workbench.panel.markers.view in workbench.panel.markers
2023-08-11 19:55:59.274 [info] Added views:workbench.panel.output in workbench.panel.output
2023-08-11 19:55:59.274 [info] Added views:terminal in terminal
2023-08-11 19:55:59.274 [info] Added views:outline in workbench.view.explorer
2023-08-11 19:55:59.274 [info] Added views:workbench.scm in workbench.view.scm
2023-08-11 19:55:59.274 [info] Added views:workbench.view.search in workbench.view.search
2023-08-11 19:55:59.274 [info] Added views:timeline in workbench.view.explorer
2023-08-11 19:55:59.274 [info] Added views:workbench.explorer.fileView in workbench.view.explorer
2023-08-11 19:55:59.483 [info] Added views:tabnine.empty in workbench.view.extension.tabnine-access
2023-08-11 19:55:59.484 [info] Added views:in-your-face.openview in workbench.view.extension.custom-activitybar
2023-08-11 19:55:59.567 [info] Added views:workbench.debug.variablesView,workbench.debug.watchExpressionsView,workbench.debug.callStackView,workbench.debug.breakPointsView in workbench.view.debug
2023-08-11 19:55:59.596 [info] Added views:workbench.panel.repl.view in workbench.panel.repl
2023-08-11 19:55:59.597 [info] Removed views:workbench.debug.breakPointsView,workbench.debug.callStackView,workbench.debug.watchExpressionsView,workbench.debug.variablesView from workbench.view.debug
2023-08-11 19:55:59.598 [info] Added views:workbench.debug.welcome in workbench.view.debug
2023-08-11 19:55:59.846 [info] Added views:workbench.panel.comments in workbench.panel.comments
2023-08-11 20:01:14.725 [info] Added views:rustDependencies in workbench.view.explorer
2023-08-12 00:45:37.574 [info] Added views:workbench.views.extensions.installed,workbench.views.extensions.popular,extensions.recommendedList in workbench.view.extensions
2023-08-12 00:45:37.576 [info] Removed views:workbench.views.extensions.popular from workbench.view.extensions
