2023-08-10 20:13:38.494 [info] [perf] Render performance baseline is 24ms
2023-08-10 20:13:48.837 [info] [perf] Render performance baseline is 25ms
2023-08-10 20:39:38.461 [warning] [ms-vscode.js-debug-nightly]: Cannot register 'debug.javascript.codelens.npmScripts'. This property is already registered.
2023-08-10 20:39:38.461 [warning] [ms-vscode.js-debug-nightly]: Cannot register 'debug.javascript.terminalOptions'. This property is already registered.
2023-08-10 20:39:38.461 [warning] [ms-vscode.js-debug-nightly]: Cannot register 'debug.javascript.automaticallyTunnelRemoteServer'. This property is already registered.
2023-08-10 20:39:38.461 [warning] [ms-vscode.js-debug-nightly]: Cannot register 'debug.javascript.debugByLinkOptions'. This property is already registered.
2023-08-10 20:39:38.461 [warning] [ms-vscode.js-debug-nightly]: Cannot register 'debug.javascript.pickAndAttachOptions'. This property is already registered.
2023-08-10 20:39:38.461 [warning] [ms-vscode.js-debug-nightly]: Cannot register 'debug.javascript.autoAttachFilter'. This property is already registered.
2023-08-10 20:39:38.461 [warning] [ms-vscode.js-debug-nightly]: Cannot register 'debug.javascript.autoAttachSmartPattern'. This property is already registered.
2023-08-10 20:39:38.462 [warning] [ms-vscode.js-debug-nightly]: Cannot register 'debug.javascript.breakOnConditionalError'. This property is already registered.
2023-08-10 20:39:38.462 [warning] [ms-vscode.js-debug-nightly]: Cannot register 'debug.javascript.unmapMissingSources'. This property is already registered.
2023-08-10 20:39:38.462 [warning] [ms-vscode.js-debug-nightly]: Cannot register 'debug.javascript.defaultRuntimeExecutable'. This property is already registered.
2023-08-10 20:39:38.462 [warning] [ms-vscode.js-debug-nightly]: Cannot register 'debug.javascript.resourceRequestOptions'. This property is already registered.
2023-08-10 20:39:38.467 [info] [ms-vscode.js-debug-nightly]: Command `extension.js-debug.prettyPrint` already registered by JavaScript Debugger (ms-vscode.js-debug)
2023-08-10 20:39:38.467 [info] [ms-vscode.js-debug-nightly]: Command `extension.js-debug.toggleSkippingFile` already registered by JavaScript Debugger (ms-vscode.js-debug)
2023-08-10 20:39:38.468 [info] [ms-vscode.js-debug-nightly]: Command `extension.js-debug.addCustomBreakpoints` already registered by JavaScript Debugger (ms-vscode.js-debug)
2023-08-10 20:39:38.468 [info] [ms-vscode.js-debug-nightly]: Command `extension.js-debug.removeCustomBreakpoint` already registered by JavaScript Debugger (ms-vscode.js-debug)
2023-08-10 20:39:38.468 [info] [ms-vscode.js-debug-nightly]: Command `extension.js-debug.removeAllCustomBreakpoints` already registered by JavaScript Debugger (ms-vscode.js-debug)
2023-08-10 20:39:38.468 [info] [ms-vscode.js-debug-nightly]: Command `extension.pwa-node-debug.attachNodeProcess` already registered by JavaScript Debugger (ms-vscode.js-debug)
2023-08-10 20:39:38.468 [info] [ms-vscode.js-debug-nightly]: Command `extension.js-debug.npmScript` already registered by JavaScript Debugger (ms-vscode.js-debug)
2023-08-10 20:39:38.468 [info] [ms-vscode.js-debug-nightly]: Command `extension.js-debug.createDebuggerTerminal` already registered by JavaScript Debugger (ms-vscode.js-debug)
2023-08-10 20:39:38.469 [info] [ms-vscode.js-debug-nightly]: Command `extension.js-debug.startProfile` already registered by JavaScript Debugger (ms-vscode.js-debug)
2023-08-10 20:39:38.469 [info] [ms-vscode.js-debug-nightly]: Command `extension.js-debug.stopProfile` already registered by JavaScript Debugger (ms-vscode.js-debug)
2023-08-10 20:39:38.469 [info] [ms-vscode.js-debug-nightly]: Command `extension.js-debug.revealPage` already registered by JavaScript Debugger (ms-vscode.js-debug)
2023-08-10 20:39:38.469 [info] [ms-vscode.js-debug-nightly]: Command `extension.js-debug.debugLink` already registered by JavaScript Debugger (ms-vscode.js-debug)
2023-08-10 20:39:38.469 [info] [ms-vscode.js-debug-nightly]: Command `extension.js-debug.createDiagnostics` already registered by JavaScript Debugger (ms-vscode.js-debug)
2023-08-10 20:39:38.469 [info] [ms-vscode.js-debug-nightly]: Command `extension.js-debug.getDiagnosticLogs` already registered by JavaScript Debugger (ms-vscode.js-debug)
2023-08-10 20:39:38.470 [info] [ms-vscode.js-debug-nightly]: Command `extension.node-debug.startWithStopOnEntry` already registered by JavaScript Debugger (ms-vscode.js-debug)
2023-08-10 20:39:38.470 [info] [ms-vscode.js-debug-nightly]: Command `extension.js-debug.openEdgeDevTools` already registered by JavaScript Debugger (ms-vscode.js-debug)
2023-08-10 20:39:38.470 [info] [ms-vscode.js-debug-nightly]: Command `extension.js-debug.callers.add` already registered by JavaScript Debugger (ms-vscode.js-debug)
2023-08-10 20:39:38.470 [info] [ms-vscode.js-debug-nightly]: Command `extension.js-debug.callers.remove` already registered by JavaScript Debugger (ms-vscode.js-debug)
2023-08-10 20:39:38.470 [info] [ms-vscode.js-debug-nightly]: Command `extension.js-debug.callers.removeAll` already registered by JavaScript Debugger (ms-vscode.js-debug)
2023-08-10 20:39:38.470 [info] [ms-vscode.js-debug-nightly]: Command `extension.js-debug.callers.goToCaller` already registered by JavaScript Debugger (ms-vscode.js-debug)
2023-08-10 20:39:38.471 [info] [ms-vscode.js-debug-nightly]: Command `extension.js-debug.callers.gotToTarget` already registered by JavaScript Debugger (ms-vscode.js-debug)
2023-08-10 20:39:38.471 [info] [ms-vscode.js-debug-nightly]: Command `extension.js-debug.enableSourceMapStepping` already registered by JavaScript Debugger (ms-vscode.js-debug)
2023-08-10 20:39:38.471 [info] [ms-vscode.js-debug-nightly]: Command `extension.js-debug.disableSourceMapStepping` already registered by JavaScript Debugger (ms-vscode.js-debug)
2023-08-10 20:39:38.478 [error] [ms-vscode.js-debug-nightly]: A view with id `jsBrowserBreakpoints` is already registered.
2023-08-10 20:39:38.478 [error] [ms-vscode.js-debug-nightly]: A view with id `jsExcludedCallers` is already registered.
2023-08-10 20:40:07.394 [error] Extension 'tabnine.tabnine-vscode' wants API proposal 'inlineCompletions' but that proposal DOES NOT EXIST. Likely, the proposal has been finalized (check 'vscode.d.ts') or was abandoned.
2023-08-10 20:40:07.404 [info] [ms-vscode.js-debug-nightly]: Command `extension.js-debug.prettyPrint` already registered by JavaScript Debugger (ms-vscode.js-debug)
2023-08-10 20:40:07.404 [info] [ms-vscode.js-debug-nightly]: Command `extension.js-debug.toggleSkippingFile` already registered by JavaScript Debugger (ms-vscode.js-debug)
2023-08-10 20:40:07.404 [info] [ms-vscode.js-debug-nightly]: Command `extension.js-debug.addCustomBreakpoints` already registered by JavaScript Debugger (ms-vscode.js-debug)
2023-08-10 20:40:07.405 [info] [ms-vscode.js-debug-nightly]: Command `extension.js-debug.removeCustomBreakpoint` already registered by JavaScript Debugger (ms-vscode.js-debug)
2023-08-10 20:40:07.405 [info] [ms-vscode.js-debug-nightly]: Command `extension.js-debug.removeAllCustomBreakpoints` already registered by JavaScript Debugger (ms-vscode.js-debug)
2023-08-10 20:40:07.405 [info] [ms-vscode.js-debug-nightly]: Command `extension.pwa-node-debug.attachNodeProcess` already registered by JavaScript Debugger (ms-vscode.js-debug)
2023-08-10 20:40:07.405 [info] [ms-vscode.js-debug-nightly]: Command `extension.js-debug.npmScript` already registered by JavaScript Debugger (ms-vscode.js-debug)
2023-08-10 20:40:07.405 [info] [ms-vscode.js-debug-nightly]: Command `extension.js-debug.createDebuggerTerminal` already registered by JavaScript Debugger (ms-vscode.js-debug)
2023-08-10 20:40:07.405 [info] [ms-vscode.js-debug-nightly]: Command `extension.js-debug.startProfile` already registered by JavaScript Debugger (ms-vscode.js-debug)
2023-08-10 20:40:07.405 [info] [ms-vscode.js-debug-nightly]: Command `extension.js-debug.stopProfile` already registered by JavaScript Debugger (ms-vscode.js-debug)
2023-08-10 20:40:07.406 [info] [ms-vscode.js-debug-nightly]: Command `extension.js-debug.revealPage` already registered by JavaScript Debugger (ms-vscode.js-debug)
2023-08-10 20:40:07.406 [info] [ms-vscode.js-debug-nightly]: Command `extension.js-debug.debugLink` already registered by JavaScript Debugger (ms-vscode.js-debug)
2023-08-10 20:40:07.406 [info] [ms-vscode.js-debug-nightly]: Command `extension.js-debug.createDiagnostics` already registered by JavaScript Debugger (ms-vscode.js-debug)
2023-08-10 20:40:07.406 [info] [ms-vscode.js-debug-nightly]: Command `extension.js-debug.getDiagnosticLogs` already registered by JavaScript Debugger (ms-vscode.js-debug)
2023-08-10 20:40:07.406 [info] [ms-vscode.js-debug-nightly]: Command `extension.node-debug.startWithStopOnEntry` already registered by JavaScript Debugger (ms-vscode.js-debug)
2023-08-10 20:40:07.406 [info] [ms-vscode.js-debug-nightly]: Command `extension.js-debug.openEdgeDevTools` already registered by JavaScript Debugger (ms-vscode.js-debug)
2023-08-10 20:40:07.406 [info] [ms-vscode.js-debug-nightly]: Command `extension.js-debug.callers.add` already registered by JavaScript Debugger (ms-vscode.js-debug)
2023-08-10 20:40:07.407 [info] [ms-vscode.js-debug-nightly]: Command `extension.js-debug.callers.remove` already registered by JavaScript Debugger (ms-vscode.js-debug)
2023-08-10 20:40:07.407 [info] [ms-vscode.js-debug-nightly]: Command `extension.js-debug.callers.removeAll` already registered by JavaScript Debugger (ms-vscode.js-debug)
2023-08-10 20:40:07.407 [info] [ms-vscode.js-debug-nightly]: Command `extension.js-debug.callers.goToCaller` already registered by JavaScript Debugger (ms-vscode.js-debug)
2023-08-10 20:40:07.407 [info] [ms-vscode.js-debug-nightly]: Command `extension.js-debug.callers.gotToTarget` already registered by JavaScript Debugger (ms-vscode.js-debug)
2023-08-10 20:40:07.407 [info] [ms-vscode.js-debug-nightly]: Command `extension.js-debug.enableSourceMapStepping` already registered by JavaScript Debugger (ms-vscode.js-debug)
2023-08-10 20:40:07.407 [info] [ms-vscode.js-debug-nightly]: Command `extension.js-debug.disableSourceMapStepping` already registered by JavaScript Debugger (ms-vscode.js-debug)
2023-08-10 20:40:07.521 [error] [Extension Host] /bin/sh: linha 1: hostname: comando não encontrado
2023-08-10 20:40:09.170 [error] [Extension Host] (node:32616) [DEP0005] DeprecationWarning: Buffer() is deprecated due to security and usability issues. Please use the Buffer.alloc(), Buffer.allocUnsafe(), or Buffer.from() methods instead.
(Use `exe --trace-deprecation ...` to show where the warning was created)
