2023-08-10 20:13:35.579 [info] Added views:workbench.panel.markers.view in workbench.panel.markers
2023-08-10 20:13:35.580 [info] Added views:workbench.panel.output in workbench.panel.output
2023-08-10 20:13:35.580 [info] Added views:terminal in terminal
2023-08-10 20:13:35.580 [info] Added views:outline in workbench.view.explorer
2023-08-10 20:13:35.580 [info] Added views:workbench.scm in workbench.view.scm
2023-08-10 20:13:35.580 [info] Added views:workbench.view.search in workbench.view.search
2023-08-10 20:13:35.580 [info] Added views:timeline in workbench.view.explorer
2023-08-10 20:13:35.580 [info] Added views:workbench.explorer.emptyView in workbench.view.explorer
2023-08-10 20:13:35.883 [info] Added views:in-your-face.openview in workbench.view.extension.custom-activitybar
2023-08-10 20:13:35.941 [info] Added views:workbench.debug.variablesView,workbench.debug.watchExpressionsView,workbench.debug.callStackView,workbench.debug.breakPointsView in workbench.view.debug
2023-08-10 20:13:35.953 [info] Added views:workbench.panel.repl.view in workbench.panel.repl
2023-08-10 20:13:35.954 [info] Removed views:workbench.debug.breakPointsView,workbench.debug.callStackView,workbench.debug.watchExpressionsView,workbench.debug.variablesView from workbench.view.debug
2023-08-10 20:13:35.955 [info] Added views:workbench.debug.welcome in workbench.view.debug
2023-08-10 20:13:46.153 [info] Added views:workbench.panel.markers.view in workbench.panel.markers
2023-08-10 20:13:46.153 [info] Added views:workbench.panel.output in workbench.panel.output
2023-08-10 20:13:46.153 [info] Added views:terminal in terminal
2023-08-10 20:13:46.153 [info] Added views:outline in workbench.view.explorer
2023-08-10 20:13:46.153 [info] Added views:workbench.scm in workbench.view.scm
2023-08-10 20:13:46.153 [info] Added views:workbench.view.search in workbench.view.search
2023-08-10 20:13:46.153 [info] Added views:timeline in workbench.view.explorer
2023-08-10 20:13:46.153 [info] Added views:workbench.explorer.fileView in workbench.view.explorer
2023-08-10 20:13:46.289 [info] Added views:in-your-face.openview in workbench.view.extension.custom-activitybar
2023-08-10 20:13:46.387 [info] Added views:workbench.debug.variablesView,workbench.debug.watchExpressionsView,workbench.debug.callStackView,workbench.debug.breakPointsView in workbench.view.debug
2023-08-10 20:13:46.517 [info] Added views:workbench.panel.repl.view in workbench.panel.repl
2023-08-10 20:13:46.518 [info] Removed views:workbench.debug.breakPointsView,workbench.debug.callStackView,workbench.debug.watchExpressionsView,workbench.debug.variablesView from workbench.view.debug
2023-08-10 20:13:46.518 [info] Added views:workbench.debug.welcome in workbench.view.debug
2023-08-10 20:39:11.955 [info] Added views:workbench.views.extensions.installed,workbench.views.extensions.popular,extensions.recommendedList in workbench.view.extensions
2023-08-10 20:39:11.959 [info] Removed views:workbench.views.extensions.popular from workbench.view.extensions
2023-08-10 20:39:15.511 [info] Removed views:extensions.recommendedList,workbench.views.extensions.installed from workbench.view.extensions
2023-08-10 20:39:15.522 [info] Added views:workbench.views.extensions.marketplace in workbench.view.extensions
2023-08-10 20:40:07.419 [info] Added views:tabnine.empty in workbench.view.extension.tabnine-access
2023-08-10 20:40:07.513 [info] Added views:workbench.panel.comments in workbench.panel.comments
